<?xml version="1.0" encoding="UTF-8"?>
<!-- Generated by org.testng.reporters.JUnitReportReporter -->
<testsuite hostname="INDSAF-9CYZS44" failures="0" tests="1" name="pom_TestNG.TestTime2" time="26.420" errors="0" timestamp="2025-03-19T10:14:24 SAST" skipped="0">
  <testcase classname="pom_TestNG.TestTime2" name="test" time="26.420"/>
</testsuite> <!-- pom_TestNG.TestTime2 -->
